0 info it worked if it ends with ok
1 verbose cli [ '/home/jubinsavla/.nvm/v0.10.38/bin/node',
1 verbose cli   '/home/jubinsavla/.nvm/v0.10.38/bin/npm',
1 verbose cli   'start' ]
2 info using npm@1.4.28
3 info using node@v0.10.38
4 verbose run-script [ 'prestart', 'start', 'poststart' ]
5 info prestart Exam2@0.0.1
6 info start Exam2@0.0.1
7 verbose unsafe-perm in lifecycle true
8 info Exam2@0.0.1 Failed to exec start script
9 error Exam2@0.0.1 start: `node ./bin/www`
9 error Exit status 8
10 error Failed at the Exam2@0.0.1 start script.
10 error This is most likely a problem with the Exam2 package,
10 error not with npm itself.
10 error Tell the author that this fails on your system:
10 error     node ./bin/www
10 error You can get their info via:
10 error     npm owner ls Exam2
10 error There is likely additional logging output above.
11 error System Linux 3.13.0-32-generic
12 error command "/home/jubinsavla/.nvm/v0.10.38/bin/node" "/home/jubinsavla/.nvm/v0.10.38/bin/npm" "start"
13 error cwd /home/jubinsavla/NetBeansProjects/MyNodeSite
14 error node -v v0.10.38
15 error npm -v 1.4.28
16 error code ELIFECYCLE
17 verbose exit [ 1, true ]
